<?xml version="1.0" encoding="UTF-8"?>
<!-- Generated by org.testng.reporters.JUnitReportReporter -->
<testsuite name="uiAutomationWithjenkins.PaymentJourney.TC01_VerifyPayMentJourney" tests="1" time="38.408" ignored="0" failures="0" timestamp="24 Jun 2017 09:10:27 GMT" skipped="0" hostname="PATHARAJ1" errors="0">
  <testcase name="verifyAddNewContactJourney" time="38.408" classname="uiAutomationWithjenkins.PaymentJourney.TC01_VerifyPayMentJourney"/>
</testsuite> <!-- uiAutomationWithjenkins.PaymentJourney.TC01_VerifyPayMentJourney -->
